19-01-2024 07:15:38 [Greska u validaciji:] Pogresan format stringa in Klase\Bezbednost on line 90
19-01-2024 07:15:38 [Greska u validaciji:] Pogresan format stringa in Klase\Bezbednost on line 96
19-01-2024 07:15:41 [Greska u validaciji:] Pogresan format stringa in Klase\Bezbednost on line 90
19-01-2024 07:15:41 [Greska u validaciji:] Pogresan format stringa in Klase\Bezbednost on line 96
19-01-2024 07:15:46 [Greska u validaciji:] Pogresan format stringa in Klase\Bezbednost on line 90
19-01-2024 07:15:46 [Greska u validaciji:] Pogresan format stringa in Klase\Bezbednost on line 96
19-01-2024 07:16:22 [Greska u validaciji:] Pogresan format stringa in Klase\Bezbednost on line 90
19-01-2024 07:16:22 [Greska u validaciji:] Pogresan format stringa in Klase\Bezbednost on line 96
02-02-2024 00:37:19 [Greška u bazi podataka] SQLSTATE[HY000]: General error: 1356 View 'evidencija_rudnika.rudnik_pogled' references invalid table(s) or column(s) or function(s) or definer/invoker of view lack rights to use them|SELECT * FROM rudnik_pogled in Modeli\Rudnik on line 33
02-02-2024 00:39:58 [Greška u bazi podataka] SQLSTATE[HY000]: General error: 1356 View 'evidencija_rudnika.rudnik_pogled' references invalid table(s) or column(s) or function(s) or definer/invoker of view lack rights to use them|SELECT * FROM rudnik_pogled in Modeli\Rudnik on line 33
02-02-2024 00:40:03 [Greška u bazi podataka] SQLSTATE[HY000]: General error: 1356 View 'evidencija_rudnika.rudnik_pogled' references invalid table(s) or column(s) or function(s) or definer/invoker of view lack rights to use them|SELECT * FROM rudnik_pogled in Modeli\Rudnik on line 33
02-02-2024 00:40:04 [Greška u bazi podataka] SQLSTATE[HY000]: General error: 1356 View 'evidencija_rudnika.rudnik_pogled' references invalid table(s) or column(s) or function(s) or definer/invoker of view lack rights to use them|SELECT * FROM rudnik_pogled in Modeli\Rudnik on line 33
02-02-2024 00:40:20 [Greška u bazi podataka] SQLSTATE[HY000]: General error: 1356 View 'evidencija_rudnika.rudnik_pogled' references invalid table(s) or column(s) or function(s) or definer/invoker of view lack rights to use them|SELECT * FROM rudnik_pogled in Modeli\Rudnik on line 33
02-02-2024 00:48:17 [HTTP status 404] Page with url: /kazi not found in Klase\Ruter on line 73
15-03-2024 03:01:30 [Greška u bazi podataka] SQLSTATE[42S22]: Column not found: 1054 Unknown column 'vrstaRudeId' in 'field list'|INSERT INTO rudnik (imeRudnika, imaDozvolu, vrstaRudeId) VALUES (:imeRudnika, :imaDozvolu, :vrstaRudeId) in Modeli\Rudnik on line 33
15-03-2024 05:00:58 [Greška u bazi podataka] SQLSTATE[42S22]: Column not found: 1054 Unknown column 'vrstaRudeId' in 'field list'|INSERT INTO rudnik (imeRudnika, imaDozvolu, vrstaRudeId) VALUES (:imeRudnika, :imaDozvolu, :vrstaRudeId) in Modeli\Rudnik on line 33
15-03-2024 11:53:05 [Greška pri prijavi] Loše akreditacije tokom prijave in Modeli\Auth on line 29
21-03-2024 14:17:37 [Greska u validaciji:] Nema unosa. in Klase\Bezbednost on line 96
23-03-2024 18:47:44 [Greška u bazi podataka] SQLSTATE[42S22]: Column not found: 1054 Unknown column 'rudnik.vrstaRude' in 'on clause'|SELECT rudnik.*, vrsta_rude.nazivRude AS nazivRude 
        FROM rudnik 
        JOIN vrsta_rude ON rudnik.vrstaRude = vrsta_rude.id in Modeli\Rudnik on line 33
23-03-2024 18:53:50 [Greška u bazi podataka] SQLSTATE[42S22]: Column not found: 1054 Unknown column 'vrstaRude' in 'field list'|UPDATE rudnik SET imeRudnika = :imeRudnika, imaDozvolu = :imaDozvolu, vrstaRude = :vrstaRude WHERE id = :id in Modeli\Rudnik on line 33
27-03-2024 12:42:01 [Greška u bazi podataka] SQLSTATE[23000]: Integrity constraint violation: 1452 Cannot add or update a child row: a foreign key constraint fails (`evidencija_rudnika`.`rudnik`, CONSTRAINT `vrsta_rude_ibfk_1` FOREIGN KEY (`idRude`) REFERENCES `vrsta_rude` (`id`) ON DELETE CASCADE)|UPDATE rudnik SET imeRudnika = :imeRudnika, imaDozvolu = :imaDozvolu, idRude = :idRude WHERE id = :id in Modeli\Rudnik on line 33
27-03-2024 12:42:56 [Greška u bazi podataka] SQLSTATE[23000]: Integrity constraint violation: 1452 Cannot add or update a child row: a foreign key constraint fails (`evidencija_rudnika`.`rudnik`, CONSTRAINT `vrsta_rude_ibfk_1` FOREIGN KEY (`idRude`) REFERENCES `vrsta_rude` (`id`) ON DELETE CASCADE)|INSERT INTO rudnik (imeRudnika, imaDozvolu, idRude) VALUES (:imeRudnika, :imaDozvolu, :idRude) in Modeli\Rudnik on line 33
27-03-2024 13:10:43 [Greška u bazi podataka] SQLSTATE[42S22]: Column not found: 1054 Unknown column 'vrstaRude' in 'field list'|SELECT profit, vrstaRude FROM rudnik WHERE id = :id in Modeli\Rudnik on line 33
27-03-2024 13:10:47 [Greška u bazi podataka] SQLSTATE[42S22]: Column not found: 1054 Unknown column 'vrstaRude' in 'field list'|SELECT profit, vrstaRude FROM rudnik WHERE id = :id in Modeli\Rudnik on line 33
27-03-2024 19:32:22 [Greška u bazi podataka] SQLSTATE[42S22]: Column not found: 1054 Unknown column 'vrstaRude' in 'field list'|SELECT profit, vrstaRude FROM rudnik WHERE id = :id in Modeli\Rudnik on line 33
27-03-2024 19:35:13 [Greska u logici] Ne postoji ogranicenje za odabranu rudu in Klase\PoslovnaLogika on line 36
